Determining if the Q_WS_WIN exist failed with the following output:
Change Dir: /home/patrizia/ros_workspace/accompany_master/COBScheduler/build/CMakeFiles/CMakeTmp

Run Build Command:/usr/bin/make "cmTryCompileExec/fast"
make[1]: ingresso nella directory "/home/patrizia/ros_workspace/accompany_master/COBScheduler/build/CMakeFiles/CMakeTmp"
/usr/bin/make -f CMakeFiles/cmTryCompileExec.dir/build.make CMakeFiles/cmTryCompileExec.dir/build
make[2]: ingresso nella directory "/home/patrizia/ros_workspace/accompany_master/COBScheduler/build/CMakeFiles/CMakeTmp"
/usr/bin/cmake -E cmake_progress_report /home/patrizia/ros_workspace/accompany_master/COBScheduler/build/CMakeFiles/CMakeTmp/CMakeFiles 1
Building C object CMakeFiles/cmTryCompileExec.dir/CheckSymbolExists.c.o
/usr/bin/gcc   -I/usr/include/qt4   -o CMakeFiles/cmTryCompileExec.dir/CheckSymbolExists.c.o   -c /home/patrizia/ros_workspace/accompany_master/COBScheduler/build/CMakeFiles/CMakeTmp/CheckSymbolExists.c
/home/patrizia/ros_workspace/accompany_master/COBScheduler/build/CMakeFiles/CMakeTmp/CheckSymbolExists.c: In function ‘main’:
/home/patrizia/ros_workspace/accompany_master/COBScheduler/build/CMakeFiles/CMakeTmp/CheckSymbolExists.c:8: error: ‘Q_WS_WIN’ undeclared (first use in this function)
/home/patrizia/ros_workspace/accompany_master/COBScheduler/build/CMakeFiles/CMakeTmp/CheckSymbolExists.c:8: error: (Each undeclared identifier is reported only once
/home/patrizia/ros_workspace/accompany_master/COBScheduler/build/CMakeFiles/CMakeTmp/CheckSymbolExists.c:8: error: for each function it appears in.)
make[2]: *** [CMakeFiles/cmTryCompileExec.dir/CheckSymbolExists.c.o] Errore 1
make[2]: uscita dalla directory "/home/patrizia/ros_workspace/accompany_master/COBScheduler/build/CMakeFiles/CMakeTmp"
make[1]: uscita dalla directory "/home/patrizia/ros_workspace/accompany_master/COBScheduler/build/CMakeFiles/CMakeTmp"
make[1]: *** [cmTryCompileExec/fast] Errore 2

File /home/patrizia/ros_workspace/accompany_master/COBScheduler/build/CMakeFiles/CMakeTmp/CheckSymbolExists.c:
/* */
#include <QtCore/qglobal.h>

void cmakeRequireSymbol(int dummy,...){(void)dummy;}
int main()
{
#ifndef Q_WS_WIN
  cmakeRequireSymbol(0,&Q_WS_WIN);
#endif
  return 0;
}

Determining if the Q_WS_QWS exist failed with the following output:
Change Dir: /home/patrizia/ros_workspace/accompany_master/COBScheduler/build/CMakeFiles/CMakeTmp

Run Build Command:/usr/bin/make "cmTryCompileExec/fast"
make[1]: ingresso nella directory "/home/patrizia/ros_workspace/accompany_master/COBScheduler/build/CMakeFiles/CMakeTmp"
/usr/bin/make -f CMakeFiles/cmTryCompileExec.dir/build.make CMakeFiles/cmTryCompileExec.dir/build
make[2]: ingresso nella directory "/home/patrizia/ros_workspace/accompany_master/COBScheduler/build/CMakeFiles/CMakeTmp"
/usr/bin/cmake -E cmake_progress_report /home/patrizia/ros_workspace/accompany_master/COBScheduler/build/CMakeFiles/CMakeTmp/CMakeFiles 1
Building C object CMakeFiles/cmTryCompileExec.dir/CheckSymbolExists.c.o
/usr/bin/gcc   -I/usr/include/qt4   -o CMakeFiles/cmTryCompileExec.dir/CheckSymbolExists.c.o   -c /home/patrizia/ros_workspace/accompany_master/COBScheduler/build/CMakeFiles/CMakeTmp/CheckSymbolExists.c
/home/patrizia/ros_workspace/accompany_master/COBScheduler/build/CMakeFiles/CMakeTmp/CheckSymbolExists.c: In function ‘main’:
/home/patrizia/ros_workspace/accompany_master/COBScheduler/build/CMakeFiles/CMakeTmp/CheckSymbolExists.c:8: error: ‘Q_WS_QWS’ undeclared (first use in this function)
/home/patrizia/ros_workspace/accompany_master/COBScheduler/build/CMakeFiles/CMakeTmp/CheckSymbolExists.c:8: error: (Each undeclared identifier is reported only once
/home/patrizia/ros_workspace/accompany_master/COBScheduler/build/CMakeFiles/CMakeTmp/CheckSymbolExists.c:8: error: for each function it appears in.)
make[2]: *** [CMakeFiles/cmTryCompileExec.dir/CheckSymbolExists.c.o] Errore 1
make[2]: uscita dalla directory "/home/patrizia/ros_workspace/accompany_master/COBScheduler/build/CMakeFiles/CMakeTmp"
make[1]: *** [cmTryCompileExec/fast] Errore 2
make[1]: uscita dalla directory "/home/patrizia/ros_workspace/accompany_master/COBScheduler/build/CMakeFiles/CMakeTmp"

File /home/patrizia/ros_workspace/accompany_master/COBScheduler/build/CMakeFiles/CMakeTmp/CheckSymbolExists.c:
/* */
#include <QtCore/qglobal.h>

void cmakeRequireSymbol(int dummy,...){(void)dummy;}
int main()
{
#ifndef Q_WS_QWS
  cmakeRequireSymbol(0,&Q_WS_QWS);
#endif
  return 0;
}

Determining if the Q_WS_MAC exist failed with the following output:
Change Dir: /home/patrizia/ros_workspace/accompany_master/COBScheduler/build/CMakeFiles/CMakeTmp

Run Build Command:/usr/bin/make "cmTryCompileExec/fast"
make[1]: ingresso nella directory "/home/patrizia/ros_workspace/accompany_master/COBScheduler/build/CMakeFiles/CMakeTmp"
/usr/bin/make -f CMakeFiles/cmTryCompileExec.dir/build.make CMakeFiles/cmTryCompileExec.dir/build
make[2]: ingresso nella directory "/home/patrizia/ros_workspace/accompany_master/COBScheduler/build/CMakeFiles/CMakeTmp"
/usr/bin/cmake -E cmake_progress_report /home/patrizia/ros_workspace/accompany_master/COBScheduler/build/CMakeFiles/CMakeTmp/CMakeFiles 1
Building C object CMakeFiles/cmTryCompileExec.dir/CheckSymbolExists.c.o
/usr/bin/gcc   -I/usr/include/qt4   -o CMakeFiles/cmTryCompileExec.dir/CheckSymbolExists.c.o   -c /home/patrizia/ros_workspace/accompany_master/COBScheduler/build/CMakeFiles/CMakeTmp/CheckSymbolExists.c
/home/patrizia/ros_workspace/accompany_master/COBScheduler/build/CMakeFiles/CMakeTmp/CheckSymbolExists.c: In function ‘main’:
/home/patrizia/ros_workspace/accompany_master/COBScheduler/build/CMakeFiles/CMakeTmp/CheckSymbolExists.c:8: error: ‘Q_WS_MAC’ undeclared (first use in this function)
/home/patrizia/ros_workspace/accompany_master/COBScheduler/build/CMakeFiles/CMakeTmp/CheckSymbolExists.c:8: error: (Each undeclared identifier is reported only once
/home/patrizia/ros_workspace/accompany_master/COBScheduler/build/CMakeFiles/CMakeTmp/CheckSymbolExists.c:8: error: for each function it appears in.)
make[2]: *** [CMakeFiles/cmTryCompileExec.dir/CheckSymbolExists.c.o] Errore 1
make[2]: uscita dalla directory "/home/patrizia/ros_workspace/accompany_master/COBScheduler/build/CMakeFiles/CMakeTmp"
make[1]: *** [cmTryCompileExec/fast] Errore 2
make[1]: uscita dalla directory "/home/patrizia/ros_workspace/accompany_master/COBScheduler/build/CMakeFiles/CMakeTmp"

File /home/patrizia/ros_workspace/accompany_master/COBScheduler/build/CMakeFiles/CMakeTmp/CheckSymbolExists.c:
/* */
#include <QtCore/qglobal.h>

void cmakeRequireSymbol(int dummy,...){(void)dummy;}
int main()
{
#ifndef Q_WS_MAC
  cmakeRequireSymbol(0,&Q_WS_MAC);
#endif
  return 0;
}

